{"level":"info","message":"GET / 404 139 - 3.887 ms"}
{"level":"info","message":"GET /map.html 200 2420 - 8.264 ms"}
{"level":"info","message":"GET /maplibre-gl@4.7.0/maplibre-gl.css 200 65534 - 2.538 ms"}
{"level":"info","message":"GET /maplibre-gl@4.7.0/maplibre-gl.js 200 803130 - 0.997 ms"}
{"level":"info","message":"GET /style2.json 200 7038 - 0.881 ms"}
{"level":"info","message":"GET /favicon.ico 404 150 - 0.685 ms"}
{"level":"info","message":"GET /maplibre-gl@4.7.0/maplibre-gl.css 304 - - 0.517 ms"}
{"level":"info","message":"GET /maplibre-gl@4.7.0/maplibre-gl.js.map 200 4696541 - 0.731 ms"}
{"level":"info","message":"GET /map.html 200 2420 - 1.262 ms"}
{"level":"info","message":"GET /maplibre-gl@4.7.0/maplibre-gl.css 200 65534 - 1.357 ms"}
{"level":"info","message":"GET /maplibre-gl@4.7.0/maplibre-gl.js 200 803130 - 1.802 ms"}
{"level":"info","message":"GET /maplibre-gl@4.7.0/maplibre-gl.js.map 200 4696541 - 0.847 ms"}
{"level":"info","message":"GET /style2.json 200 7038 - 0.703 ms"}
{"level":"info","message":"GET /VT/xyz/mbtiles/1/1/1.pbf 404 163 - 1.679 ms"}
{"level":"info","message":"GET /VT/zxy/mbtiles/1/1/1.pbf 404 44 - 3.862 ms"}
{"level":"info","message":"GET /VT/zxy/mbtiles/1/1/1.pbf 404 44 - 3.361 ms"}
{"level":"info","message":"GET /VT/zxy/mbtiles/1/1/1.pbf 404 44 - 1.401 ms"}
{"level":"info","message":"GET /map_mbtiles.html 200 2428 - 3.999 ms"}
{"level":"info","message":"GET /maplibre-gl@4.7.0/maplibre-gl.css 200 65534 - 2.376 ms"}
{"level":"info","message":"GET /maplibre-gl@4.7.0/maplibre-gl.js 200 803130 - 1.118 ms"}
{"level":"info","message":"GET /maplibre-gl@4.7.0/maplibre-gl.js.map 200 4696541 - 1.511 ms"}
{"level":"info","message":"GET /style2_mbtiles.json 200 6563 - 1.258 ms"}
{"level":"info","message":"GET /VT/zxy/mbtiles/3/4/4.pbf 404 44 - 2.142 ms"}
{"level":"info","message":"GET /VT/zxy/mbtiles/3/3/4.pbf 404 44 - 2.566 ms"}
{"level":"info","message":"GET /VT/zxy/mbtiles/3/5/3.pbf 404 44 - 2.104 ms"}
{"level":"info","message":"GET /VT/zxy/mbtiles/3/2/3.pbf 404 44 - 2.931 ms"}
{"level":"info","message":"GET /VT/zxy/mbtiles/3/4/3.pbf 404 44 - 3.645 ms"}
{"level":"info","message":"GET /VT/zxy/mbtiles/3/3/3.pbf 404 44 - 1.311 ms"}
{"level":"info","message":"GET /VT/zxy/mbtiles/3/5/4.pbf 404 44 - 1.631 ms"}
{"level":"info","message":"GET /VT/zxy/mbtiles/3/2/4.pbf 404 44 - 0.424 ms"}
{"level":"info","message":"GET /VT/zxy/mbtiles/2/2/1.pbf 404 44 - 1.958 ms"}
{"level":"info","message":"GET /VT/zxy/mbtiles/2/1/1.pbf 404 44 - 3.204 ms"}
{"level":"info","message":"GET /VT/zxy/mbtiles/2/1/2.pbf 404 44 - 4.310 ms"}
{"level":"info","message":"GET /VT/zxy/mbtiles/2/2/2.pbf 404 44 - 4.948 ms"}
{"level":"info","message":"GET /VT/zxy/mbtiles/2/3/1.pbf 404 44 - 1.553 ms"}
{"level":"info","message":"GET /VT/zxy/mbtiles/2/3/2.pbf 404 44 - 3.059 ms"}
{"level":"info","message":"GET /VT/zxy/mbtiles/2/0/1.pbf 404 44 - 0.843 ms"}
{"level":"info","message":"GET /VT/zxy/mbtiles/2/0/2.pbf 404 44 - 1.088 ms"}
{"level":"info","message":"GET /VT/zxy/mbtiles/1/1/0.pbf 404 44 - 1.701 ms"}
{"level":"info","message":"GET /VT/zxy/mbtiles/1/1/1.pbf 404 44 - 2.644 ms"}
{"level":"info","message":"GET /VT/zxy/mbtiles/1/0/1.pbf 404 44 - 3.235 ms"}
{"level":"info","message":"GET /VT/zxy/mbtiles/1/0/0.pbf 404 44 - 3.762 ms"}
{"level":"info","message":"GET /VT/zxy/mbtiles/1/0/0.pbf 404 44 - 0.420 ms"}
{"level":"info","message":"GET /VT/zxy/mbtiles/1/0/1.pbf 404 44 - 0.634 ms"}
{"level":"info","message":"GET /VT/zxy/mbtiles/1/1/0.pbf 404 44 - 0.620 ms"}
{"level":"info","message":"GET /VT/zxy/mbtiles/1/1/1.pbf 404 44 - 1.088 ms"}
{"level":"info","message":"GET /VT/zxy/mbtiles/0/0/0.pbf 404 44 - 0.895 ms"}
{"level":"info","message":"GET /VT/zxy/mbtiles/0/0/0.pbf 404 44 - 1.446 ms"}
{"level":"info","message":"GET /VT/zxy/mbtiles/0/0/0.pbf 404 44 - 1.950 ms"}
{"level":"info","message":"GET /VT/zxy/mbtiles/1/1/1.pbf 404 44 - 2.245 ms"}
{"level":"info","message":"GET /VT/zxy/0-0-0/1/1/1.pbf 200 35241 - 9.150 ms"}
{"level":"info","message":"GET /VT/xyz/mbtiles/1/1/1.pbf 404 163 - 2.901 ms"}
{"level":"info","message":"GET /map.html 200 2420 - 3.169 ms"}
{"level":"info","message":"GET /maplibre-gl@4.7.0/maplibre-gl.css 200 65534 - 0.860 ms"}
{"level":"info","message":"GET /maplibre-gl@4.7.0/maplibre-gl.js 200 803130 - 0.858 ms"}
{"level":"info","message":"GET /maplibre-gl@4.7.0/maplibre-gl.js.map 200 4696541 - 0.819 ms"}
{"level":"info","message":"GET /style2.json 200 7038 - 1.210 ms"}
{"level":"info","message":"GET /map_mbtiles.html 200 2428 - 2.658 ms"}
{"level":"info","message":"GET /maplibre-gl@4.7.0/maplibre-gl.css 200 65534 - 0.875 ms"}
{"level":"info","message":"GET /maplibre-gl@4.7.0/maplibre-gl.js 200 803130 - 1.337 ms"}
{"level":"info","message":"GET /maplibre-gl@4.7.0/maplibre-gl.js.map 200 4696541 - 0.658 ms"}
{"level":"info","message":"GET /style2_mbtiles.json 200 6561 - 1.009 ms"}
{"level":"info","message":"GET /VT/zxy/0-0-0/3/4/3.pbf 200 65285 - 4.207 ms"}
{"level":"info","message":"GET /VT/zxy/0-0-0/3/3/3.pbf 200 110091 - 5.082 ms"}
{"level":"info","message":"GET /VT/zxy/0-0-0/3/4/4.pbf 200 77623 - 7.000 ms"}
{"level":"info","message":"GET /VT/zxy/0-0-0/3/5/3.pbf 200 72213 - 6.553 ms"}
{"level":"info","message":"GET /VT/zxy/0-0-0/3/3/4.pbf 200 122179 - 8.003 ms"}
{"level":"info","message":"GET /VT/zxy/0-0-0/3/2/3.pbf 200 138314 - 7.692 ms"}
{"level":"info","message":"GET /VT/zxy/0-0-0/3/5/4.pbf 200 137074 - 7.375 ms"}
{"level":"info","message":"GET /VT/zxy/0-0-0/3/2/4.pbf 200 71216 - 3.549 ms"}
{"level":"info","message":"GET /map_mbtiles.html 200 2428 - 5.137 ms"}
{"level":"info","message":"GET /maplibre-gl@4.7.0/maplibre-gl.css 304 - - 1.500 ms"}
{"level":"info","message":"GET /maplibre-gl@4.7.0/maplibre-gl.js 304 - - 2.038 ms"}
{"level":"info","message":"GET /style2_mbtiles.json 304 - - 0.628 ms"}
{"level":"info","message":"GET /maplibre-gl@4.7.0/maplibre-gl.css 304 - - 0.541 ms"}
{"level":"info","message":"GET /maplibre-gl@4.7.0/maplibre-gl.js.map 200 4696541 - 1.057 ms"}
{"level":"info","message":"GET /map_mbtiles.html 200 2428 - 0.631 ms"}
{"level":"info","message":"GET /maplibre-gl@4.7.0/maplibre-gl.css 200 65534 - 2.614 ms"}
{"level":"info","message":"GET /maplibre-gl@4.7.0/maplibre-gl.js 200 803130 - 1.375 ms"}
{"level":"info","message":"GET /maplibre-gl@4.7.0/maplibre-gl.js.map 200 4696541 - 0.714 ms"}
{"level":"info","message":"GET /style2_mbtiles.json 200 6561 - 0.784 ms"}
{"level":"info","message":"GET /VT/zxy/0-0-0/3/3/4.pbf 200 122179 - 9.856 ms"}
{"level":"info","message":"GET /VT/zxy/0-0-0/3/4/4.pbf 200 77623 - 11.543 ms"}
{"level":"info","message":"GET /VT/zxy/0-0-0/3/4/3.pbf 200 65285 - 11.373 ms"}
{"level":"info","message":"GET /VT/zxy/0-0-0/3/3/3.pbf 200 110091 - 8.029 ms"}
{"level":"info","message":"GET /VT/zxy/0-0-0/3/5/4.pbf 200 137074 - 7.450 ms"}
{"level":"info","message":"GET /VT/zxy/0-0-0/3/2/4.pbf 200 71216 - 7.213 ms"}
{"level":"info","message":"GET /VT/zxy/0-0-0/3/5/3.pbf 200 72213 - 2.402 ms"}
{"level":"info","message":"GET /VT/zxy/0-0-0/3/2/3.pbf 200 138314 - 2.612 ms"}
{"level":"info","message":"GET /map_mbtiles.html 200 2428 - 0.571 ms"}
{"level":"info","message":"GET /maplibre-gl@4.7.0/maplibre-gl.css 200 65534 - 1.197 ms"}
{"level":"info","message":"GET /maplibre-gl@4.7.0/maplibre-gl.js 200 803130 - 1.235 ms"}
{"level":"info","message":"GET /maplibre-gl@4.7.0/maplibre-gl.js.map 200 4696541 - 0.764 ms"}
{"level":"info","message":"GET /style2_mbtiles.json 200 6561 - 1.166 ms"}
{"level":"info","message":"GET /VT/zxy/0-0-0/3/3/4.pbf 200 122179 - 3.067 ms"}
{"level":"info","message":"GET /VT/zxy/0-0-0/3/4/4.pbf 200 77623 - 5.020 ms"}
{"level":"info","message":"GET /VT/zxy/0-0-0/3/2/4.pbf 200 71216 - 3.780 ms"}
{"level":"info","message":"GET /VT/zxy/0-0-0/3/5/4.pbf 200 137074 - 4.456 ms"}
{"level":"info","message":"GET /VT/zxy/0-0-0/3/3/3.pbf 200 110091 - 5.156 ms"}
{"level":"info","message":"GET /VT/zxy/0-0-0/3/4/3.pbf 200 65285 - 5.820 ms"}
{"level":"info","message":"GET /VT/zxy/0-0-0/3/5/3.pbf 200 72213 - 0.749 ms"}
{"level":"info","message":"GET /VT/zxy/0-0-0/3/2/3.pbf 200 138314 - 1.106 ms"}
